c:\users\lucky-威\desktop\lovelycat\lovelycat4\lovelycat4\debug\vc142.pdb
c:\users\lucky-威\desktop\lovelycat\lovelycat4\lovelycat4\debug\vc142.idb
c:\users\lucky-威\desktop\lovelycat\lovelycat4\lovelycat4\debug\dllmain.obj
c:\users\lucky-威\desktop\lovelycat\lovelycat4\lovelycat4\debug\cat.obj
c:\users\lucky-威\desktop\lovelycat\lovelycat4\debug\lovelycat4.ilk
c:\users\lucky-威\desktop\lovelycat\lovelycat4\debug\lovelycat4.dll
c:\users\lucky-威\desktop\lovelycat\lovelycat4\debug\lovelycat4.pdb
c:\users\lucky-威\desktop\lovelycat\lovelycat4\debug\lovelycat4.lib
c:\users\lucky-威\desktop\lovelycat\lovelycat4\debug\lovelycat4.exp
c:\users\lucky-威\desktop\lovelycat\lovelycat4\lovelycat4\debug\lovelycat4.res
c:\users\lucky-威\desktop\lovelycat\lovelycat4\lovelycat4\debug\lovelycat4.tlog\cl.command.1.tlog
c:\users\lucky-威\desktop\lovelycat\lovelycat4\lovelycat4\debug\lovelycat4.tlog\cl.read.1.tlog
c:\users\lucky-威\desktop\lovelycat\lovelycat4\lovelycat4\debug\lovelycat4.tlog\cl.write.1.tlog
c:\users\lucky-威\desktop\lovelycat\lovelycat4\lovelycat4\debug\lovelycat4.tlog\link.command.1.tlog
c:\users\lucky-威\desktop\lovelycat\lovelycat4\lovelycat4\debug\lovelycat4.tlog\link.read.1.tlog
c:\users\lucky-威\desktop\lovelycat\lovelycat4\lovelycat4\debug\lovelycat4.tlog\link.write.1.tlog
c:\users\lucky-威\desktop\lovelycat\lovelycat4\lovelycat4\debug\lovelycat4.tlog\lovelycat4.write.1u.tlog
c:\users\lucky-威\desktop\lovelycat\lovelycat4\lovelycat4\debug\lovelycat4.tlog\rc.command.1.tlog
c:\users\lucky-威\desktop\lovelycat\lovelycat4\lovelycat4\debug\lovelycat4.tlog\rc.read.1.tlog
c:\users\lucky-威\desktop\lovelycat\lovelycat4\lovelycat4\debug\lovelycat4.tlog\rc.write.1.tlog
